\BOOKMARK [0][-]{cover.0}{NJU Cover}{}% 1
\BOOKMARK [0][-]{abstract.0}{摘　要}{}% 2
\BOOKMARK [0][-]{englishabstract.0}{Abstract}{}% 3
\BOOKMARK [0][-]{chapter*.1}{目 \040录}{}% 4
\BOOKMARK [0][-]{chapter.1}{第一章 \040绪论}{}% 5
\BOOKMARK [1][-]{section.1.1}{1.1 研究背景}{chapter.1}% 6
\BOOKMARK [1][-]{section.1.2}{1.2 研究现状}{chapter.1}% 7
\BOOKMARK [2][-]{subsection.1.2.1}{1.2.1 CNN量化算法}{section.1.2}% 8
\BOOKMARK [2][-]{subsection.1.2.2}{1.2.2 剪枝算法}{section.1.2}% 9
\BOOKMARK [1][-]{section.1.3}{1.3 待研究的问题}{chapter.1}% 10
\BOOKMARK [2][-]{subsection.1.3.1}{1.3.1 量化算法目标值集合的优化}{section.1.3}% 11
\BOOKMARK [2][-]{subsection.1.3.2}{1.3.2 量化目标值集合应用范围的调整}{section.1.3}% 12
\BOOKMARK [2][-]{subsection.1.3.3}{1.3.3 剪枝算法预训练量的思考}{section.1.3}% 13
\BOOKMARK [0][-]{chapter.2}{第二章 \040相关知识}{}% 14
\BOOKMARK [1][-]{section.2.1}{2.1 CNN常见技术}{chapter.2}% 15
\BOOKMARK [2][-]{subsection.2.1.1}{2.1.1 卷积操作}{section.2.1}% 16
\BOOKMARK [2][-]{subsection.2.1.2}{2.1.2 其他常见CNN网络技术}{section.2.1}% 17
\BOOKMARK [1][-]{section.2.2}{2.2 聚类（Clustering）技术}{chapter.2}% 18
\BOOKMARK [1][-]{section.2.3}{2.3 算法验证数据集、模型的选择}{chapter.2}% 19
\BOOKMARK [2][-]{subsection.2.3.1}{2.3.1 数据集介绍}{section.2.3}% 20
\BOOKMARK [2][-]{subsection.2.3.2}{2.3.2 算法模型介绍}{section.2.3}% 21
\BOOKMARK [2][-]{subsection.2.3.3}{2.3.3 验证数据集和验证模型的选择}{section.2.3}% 22
\BOOKMARK [0][-]{chapter.3}{第三章 \040基于参数分布的量化算法目标值的优化}{}% 23
\BOOKMARK [1][-]{section.3.1}{3.1 引言}{chapter.3}% 24
\BOOKMARK [1][-]{section.3.2}{3.2 用聚类算法优化量化算法目标值}{chapter.3}% 25
\BOOKMARK [2][-]{subsection.3.2.1}{3.2.1 优化量化算法的目标值的意义}{section.3.2}% 26
\BOOKMARK [2][-]{subsection.3.2.2}{3.2.2 使用聚类算法优化目标值的具体流程}{section.3.2}% 27
\BOOKMARK [2][-]{subsection.3.2.3}{3.2.3 实验算法流程}{section.3.2}% 28
\BOOKMARK [2][-]{subsection.3.2.4}{3.2.4 改进后incremental算法流程}{section.3.2}% 29
\BOOKMARK [1][-]{section.3.3}{3.3 实验}{chapter.3}% 30
\BOOKMARK [2][-]{subsection.3.3.1}{3.3.1 实验设置}{section.3.3}% 31
\BOOKMARK [2][-]{subsection.3.3.2}{3.3.2 实验过程}{section.3.3}% 32
\BOOKMARK [2][-]{subsection.3.3.3}{3.3.3 对比方案}{section.3.3}% 33
\BOOKMARK [2][-]{subsection.3.3.4}{3.3.4 实验结果}{section.3.3}% 34
\BOOKMARK [1][-]{section.3.4}{3.4 本章小结}{chapter.3}% 35
\BOOKMARK [0][-]{chapter.4}{第四章 \040基于filters的量化算法目标值的优化}{}% 36
\BOOKMARK [1][-]{section.4.1}{4.1 引言}{chapter.4}% 37
\BOOKMARK [1][-]{section.4.2}{4.2 量化目标值集合应用范围的相关概念 }{chapter.4}% 38
\BOOKMARK [2][-]{subsection.4.2.1}{4.2.1 量化目标值集合的应用范围}{section.4.2}% 39
\BOOKMARK [2][-]{subsection.4.2.2}{4.2.2 调整量化目标值应用范围的必要性}{section.4.2}% 40
\BOOKMARK [1][-]{section.4.3}{4.3 量化目标值集合计算}{chapter.4}% 41
\BOOKMARK [1][-]{section.4.4}{4.4 二值化的量化算法及其改进}{chapter.4}% 42
\BOOKMARK [2][-]{subsection.4.4.1}{4.4.1 以CNN网络为应用范围的原二值化算法思路}{section.4.4}% 43
\BOOKMARK [2][-]{subsection.4.4.2}{4.4.2 以filters为应用范围的二值化算法思路}{section.4.4}% 44
\BOOKMARK [1][-]{section.4.5}{4.5 实验及结果分析}{chapter.4}% 45
\BOOKMARK [2][-]{subsection.4.5.1}{4.5.1 实验设置}{section.4.5}% 46
\BOOKMARK [2][-]{subsection.4.5.2}{4.5.2 实验结果}{section.4.5}% 47
\BOOKMARK [2][-]{subsection.4.5.3}{4.5.3 实验结果分析}{section.4.5}% 48
\BOOKMARK [1][-]{section.4.6}{4.6 本章小结}{chapter.4}% 49
\BOOKMARK [0][-]{chapter.5}{第五章 \040基于增量式少量预训练的剪枝算法（IPLT）}{}% 50
\BOOKMARK [1][-]{section.5.1}{5.1 引言}{chapter.5}% 51
\BOOKMARK [1][-]{section.5.2}{5.2 filters剪枝算法}{chapter.5}% 52
\BOOKMARK [2][-]{subsection.5.2.1}{5.2.1 filters剪枝原理}{section.5.2}% 53
\BOOKMARK [2][-]{subsection.5.2.2}{5.2.2 经典的剪枝算法}{section.5.2}% 54
\BOOKMARK [2][-]{subsection.5.2.3}{5.2.3 原Soft剪枝算法流程介绍}{section.5.2}% 55
\BOOKMARK [1][-]{section.5.3}{5.3 基于IPLT思想改进的剪枝算法}{chapter.5}% 56
\BOOKMARK [2][-]{subsection.5.3.1}{5.3.1 基于少量预训练的增量式剪枝思想（IPLT）}{section.5.3}% 57
\BOOKMARK [2][-]{subsection.5.3.2}{5.3.2 基于IPLT思想改进的经典剪枝算法}{section.5.3}% 58
\BOOKMARK [2][-]{subsection.5.3.3}{5.3.3 基于IPLT思想改进的Soft剪枝算法}{section.5.3}% 59
\BOOKMARK [1][-]{section.5.4}{5.4 实验设定}{chapter.5}% 60
\BOOKMARK [2][-]{subsection.5.4.1}{5.4.1 数据集和模型选定}{section.5.4}% 61
\BOOKMARK [2][-]{subsection.5.4.2}{5.4.2 剪枝算法实现方案}{section.5.4}% 62
\BOOKMARK [1][-]{section.5.5}{5.5 实验结果及分析}{chapter.5}% 63
\BOOKMARK [2][-]{subsection.5.5.1}{5.5.1 实验对比策略}{section.5.5}% 64
\BOOKMARK [2][-]{subsection.5.5.2}{5.5.2 经典剪枝算法基于IPLT改进前后的对比}{section.5.5}% 65
\BOOKMARK [2][-]{subsection.5.5.3}{5.5.3 Soft剪枝基于IPLT改进前后的对比}{section.5.5}% 66
\BOOKMARK [1][-]{section.5.6}{5.6 本章小结}{chapter.5}% 67
\BOOKMARK [0][-]{chapter.6}{第六章 \040总结与展望}{}% 68
\BOOKMARK [1][-]{section.6.1}{6.1 工作总结}{chapter.6}% 69
\BOOKMARK [1][-]{section.6.2}{6.2 研究展望}{chapter.6}% 70
\BOOKMARK [0][-]{chapter*.26}{参考文献}{}% 71
\BOOKMARK [0][-]{chapter*.27}{简历与科研成果}{}% 72
\BOOKMARK [0][-]{chapter*.28}{致 \040谢}{}% 73
