This is pdfTeX, Version 3.1415926-2.3-1.40.12 (MiKTeX 2.9) (preloaded format=pdflatex 2019.2.26)  31 MAY 2019 10:15
entering extended mode
**template.tex
(C:\Users\liyue\Desktop\Ê®°Êùø„ÄêÁ∫ØÂáÄÁöÑLatex„Äë\NJUthesis\template.tex
LaTeX2e <2017-04-15>
Babel <3.18> and hyphenation patterns for 1 language(s) loaded.
(C:\Users\liyue\Desktop\Ê®°Êùø„ÄêÁ∫ØÂáÄÁöÑLatex„Äë\NJUthesis\NJUthesis.cls
Document Class: NJUthesis 2010/05/14 v0.2d NJUthesisdocument class
(C:\CTEX\MiKTeX\tex\latex\ctex\ctexbook.cls
Document Class: ctexbook 2011/03/11 v1.02c ctexbook document class
(C:\CTEX\MiKTeX\tex\latex\ctex\opt\ctex-common-opts.def)
(C:\CTEX\MiKTeX\tex\latex\ctex\opt\ctex-caption-opts.def
\c@CTEX@sectiondepth=\count79
)
(C:\CTEX\MiKTeX\tex\latex\ctex\opt\ctex-class-opts.def)
(C:\CTEX\CTeX\tex\latex\ctex\cfg\ctexopts.cfg)
(C:\CTEX\MiKTeX\tex\latex\ctex\def\ctex-loadclass.def
("C:\Users\liyue\AppData\Local\Programs\MiKTeX 2.9\tex\latex\base\book.cls"
Document Class: book 2014/09/29 v1.4h Standard LaTeX document class
("C:\Users\liyue\AppData\Local\Programs\MiKTeX 2.9\tex\latex\base\bk12.clo"
File: bk12.clo 2014/09/29 v1.4h Standard LaTeX file (size option)
)
\c@part=\count80
\c@chapter=\count81
\c@section=\count82
\c@subsection=\count83
\c@subsubsection=\count84
\c@paragraph=\count85
\c@subparagraph=\count86
\c@figure=\count87
\c@table=\count88
\abovecaptionskip=\skip41
\belowcaptionskip=\skip42
\bibindent=\dimen102
))
(C:\CTEX\MiKTeX\tex\latex\ctex\def\ctex-common.def
(C:\CTEX\MiKTeX\tex\latex\l3kernel\expl3.sty
(C:\CTEX\MiKTeX\tex\latex\l3kernel\l3names.sty
(C:\CTEX\MiKTeX\tex\latex\l3kernel\l3bootstrap.sty
Package: l3bootstrap 2011/12/29 v3110 L3 Experimental bootstrap code
)
Package: l3names 2011/12/30 v3113 L3 Experimental namespace for primitives
)
("C:\Users\liyue\AppData\Local\Programs\MiKTeX 2.9\tex\latex\etex-pkg\etex.sty"
Package: etex 2016/08/01 v2.7 eTeX basic definition package (PEB,DPC)
\et@xins=\count89
)
Package: expl3 2012/02/26 v3471 L3 Experimental code bundle wrapper

("C:\Users\liyue\AppData\Local\Programs\MiKTeX 2.9\tex\latex\graphics\color.sty
"
Package: color 2016/07/10 v1.1e Standard LaTeX Color (DPC)

("C:\Users\liyue\AppData\Local\Programs\MiKTeX 2.9\tex\latex\graphics-cfg\color
.cfg"
File: color.cfg 2016/01/02 v1.6 sample color configuration
)
Package color Info: Driver file: pdftex.def on input line 147.

("C:\Users\liyue\AppData\Local\Programs\MiKTeX 2.9\tex\latex\graphics-def\pdfte
x.def"
File: pdftex.def 2018/01/08 v1.0l Graphics/color driver for pdftex
))
("C:\Users\liyue\AppData\Local\Programs\MiKTeX 2.9\tex\latex\graphics\graphics.
sty"
Package: graphics 2017/06/25 v1.2c Standard LaTeX Graphics (DPC,SPQR)

("C:\Users\liyue\AppData\Local\Programs\MiKTeX 2.9\tex\latex\graphics\trig.sty"
Package: trig 2016/01/03 v1.10 sin cos tan (DPC)
)
("C:\Users\liyue\AppData\Local\Programs\MiKTeX 2.9\tex\latex\graphics-cfg\graph
ics.cfg"
File: graphics.cfg 2016/06/04 v1.11 sample graphics configuration
)
Package graphics Info: Driver file: pdftex.def on input line 99.
) (C:\CTEX\MiKTeX\tex\latex\l3kernel\l3basics.sty
Package: l3basics 2012/02/26 v3460 L3 Experimental basic definitions
)
(C:\CTEX\MiKTeX\tex\latex\l3kernel\l3expan.sty
Package: l3expan 2012/02/26 v3460 L3 Experimental argument expansion
)
(C:\CTEX\MiKTeX\tex\latex\l3kernel\l3tl.sty
Package: l3tl 2012/02/26 v3460 L3 Experimental token lists
)
(C:\CTEX\MiKTeX\tex\latex\l3kernel\l3seq.sty
Package: l3seq 2012/01/09 v3158 L3 Experimental sequences and stacks
)
(C:\CTEX\MiKTeX\tex\latex\l3kernel\l3int.sty
Package: l3int 2012/02/26 v3460 L3 Experimental integers
\c_max_int=\count90
\l_tmpa_int=\count91
\l_tmpb_int=\count92
\l_tmpc_int=\count93
\g_tmpa_int=\count94
\g_tmpb_int=\count95
)
(C:\CTEX\MiKTeX\tex\latex\l3kernel\l3quark.sty
Package: l3quark 2012/02/12 v3384 L3 Experimental quarks
)
(C:\CTEX\MiKTeX\tex\latex\l3kernel\l3prg.sty
Package: l3prg 2012/02/26 v3464 L3 Experimental control structures
\g_prg_map_int=\count96
)
(C:\CTEX\MiKTeX\tex\latex\l3kernel\l3clist.sty
Package: l3clist 2012/02/26 v3460 L3 Experimental comma separated lists
)
(C:\CTEX\MiKTeX\tex\latex\l3kernel\l3token.sty
Package: l3token 2012/02/26 v3460 L3 Experimental token manipulation
)
(C:\CTEX\MiKTeX\tex\latex\l3kernel\l3prop.sty
Package: l3prop 2012/02/26 v3460 L3 Experimental property lists
)
(C:\CTEX\MiKTeX\tex\latex\l3kernel\l3msg.sty
Package: l3msg 2012/02/26 v3470 L3 Experimental messages
)
(C:\CTEX\MiKTeX\tex\latex\l3kernel\l3file.sty
Package: l3file 2012/02/26 v3464 L3 Experimental file and I/O operations
\l_iow_stream_int=\count97
\l_iow_line_length_int=\count98
\l_iow_target_length_int=\count99
\l_iow_current_line_int=\count100
\l_iow_current_word_int=\count101
\l_iow_current_indentation_int=\count102
)
(C:\CTEX\MiKTeX\tex\latex\l3kernel\l3skip.sty
Package: l3skip 2012/02/26 v3460 L3 Experimental dimensions and skips
\l_tmpa_dim=\dimen103
\l_tmpb_dim=\dimen104
\l_tmpc_dim=\dimen105
\g_tmpa_dim=\dimen106
\g_tmpb_dim=\dimen107
\l_tmpa_skip=\skip43
\l_tmpb_skip=\skip44
\l_tmpc_skip=\skip45
\g_tmpa_skip=\skip46
\g_tmpb_skip=\skip47
)
(C:\CTEX\MiKTeX\tex\latex\l3kernel\l3keys.sty
Package: l3keys 2011/12/22 v3086 L3 Experimental key-value interfaces
\g_keyval_level_int=\count103
\l_keys_choice_int=\count104
)
(C:\CTEX\MiKTeX\tex\latex\l3kernel\l3fp.sty
Package: l3fp 2012/02/06 v3315 L3 Experimental floating-point operations
\c_one_million=\count105
\c_one_hundred_million=\count106
\c_five_hundred_million=\count107
\c_one_thousand_million=\count108
\c_fp_pi_by_four_decimal_int=\count109
\c_fp_pi_by_four_extended_int=\count110
\c_fp_pi_decimal_int=\count111
\c_fp_pi_extended_int=\count112
\c_fp_two_pi_decimal_int=\count113
\c_fp_two_pi_extended_int=\count114
\l_fp_count_int=\count115
\l_fp_div_offset_int=\count116
\l_fp_exp_integer_int=\count117
\l_fp_exp_decimal_int=\count118
\l_fp_exp_extended_int=\count119
\l_fp_exp_exponent_int=\count120
\l_fp_input_a_sign_int=\count121
\l_fp_input_a_integer_int=\count122
\l_fp_input_a_decimal_int=\count123
\l_fp_input_a_exponent_int=\count124
\l_fp_input_b_sign_int=\count125
\l_fp_input_b_integer_int=\count126
\l_fp_input_b_decimal_int=\count127
\l_fp_input_b_exponent_int=\count128
\l_fp_input_a_extended_int=\count129
\l_fp_input_b_extended_int=\count130
\l_fp_mul_a_i_int=\count131
\l_fp_mul_a_ii_int=\count132
\l_fp_mul_a_iii_int=\count133
\l_fp_mul_a_iv_int=\count134
\l_fp_mul_a_v_int=\count135
\l_fp_mul_a_vi_int=\count136
\l_fp_mul_b_i_int=\count137
\l_fp_mul_b_ii_int=\count138
\l_fp_mul_b_iii_int=\count139
\l_fp_mul_b_iv_int=\count140
\l_fp_mul_b_v_int=\count141
\l_fp_mul_b_vi_int=\count142
\l_fp_mul_output_int=\count143
\l_fp_output_sign_int=\count144
\l_fp_output_integer_int=\count145
\l_fp_output_decimal_int=\count146
\l_fp_output_exponent_int=\count147
\l_fp_output_extended_int=\count148
\l_fp_round_position_int=\count149
\l_fp_round_target_int=\count150
\l_fp_split_sign_int=\count151
\l_fp_internal_int=\count152
\l_fp_trig_octant_int=\count153
\l_fp_trig_sign_int=\count154
\l_fp_trig_decimal_int=\count155
\l_fp_trig_extended_int=\count156
\l_fp_internal_dim=\dimen108
\l_fp_internal_skip=\skip48
)
(C:\CTEX\MiKTeX\tex\latex\l3kernel\l3box.sty
Package: l3box 2012/02/18 v3432 L3 Experimental boxes
\l_tmpb_box=\box26
\l_box_top_dim=\dimen109
\l_box_bottom_dim=\dimen110
\l_box_left_dim=\dimen111
\l_box_right_dim=\dimen112
\l_box_top_new_dim=\dimen113
\l_box_bottom_new_dim=\dimen114
\l_box_left_new_dim=\dimen115
\l_box_right_new_dim=\dimen116
\l_box_internal_box=\box27
)
(C:\CTEX\MiKTeX\tex\latex\l3kernel\l3coffins.sty
Package: l3coffins 2012/02/26 v3460 L3 Experimental coffin code layer
\l_coffin_internal_box=\box28
\l_coffin_internal_dim=\dimen117
\l_coffin_offset_x_dim=\dimen118
\l_coffin_offset_y_dim=\dimen119
\l_coffin_x_dim=\dimen120
\l_coffin_y_dim=\dimen121
\l_coffin_x_prime_dim=\dimen122
\l_coffin_y_prime_dim=\dimen123
\l_coffin_Depth_dim=\dimen124
\l_coffin_Height_dim=\dimen125
\l_coffin_TotalHeight_dim=\dimen126
\l_coffin_Width_dim=\dimen127
\c_empty_coffin=\box29
\l_coffin_aligned_coffin=\box30
\l_coffin_aligned_internal_coffin=\box31
\l_coffin_bounding_shift_dim=\dimen128
\l_coffin_left_corner_dim=\dimen129
\l_coffin_right_corner_dim=\dimen130
\l_coffin_bottom_corner_dim=\dimen131
\l_coffin_top_corner_dim=\dimen132
\l_coffin_scaled_total_height_dim=\dimen133
\l_coffin_scaled_width_dim=\dimen134
\l_coffin_display_coffin=\box32
\l_coffin_display_coord_coffin=\box33
\l_coffin_display_pole_coffin=\box34
\l_coffin_display_offset_dim=\dimen135
\l_coffin_display_x_dim=\dimen136
\l_coffin_display_y_dim=\dimen137
)
(C:\CTEX\MiKTeX\tex\latex\l3kernel\l3color.sty
Package: l3color 2011/09/07 v2776 L3 Experimental colour support
)
(C:\CTEX\MiKTeX\tex\latex\l3kernel\l3luatex.sty
Package: l3luatex 2012/02/09 v3355 L3 Experimental LuaTeX-specific functions
\g_cctab_allocate_int=\count157
\g_cctab_stack_int=\count158
))
(C:\CTEX\MiKTeX\tex\latex\etoolbox\etoolbox.sty
Package: etoolbox 2011/01/03 v2.1 e-TeX tools for LaTeX
\etb@tempcnta=\count159
)
("C:\Users\liyue\AppData\Local\Programs\MiKTeX 2.9\tex\generic\oberdiek\ifpdf.s
ty"
Package: ifpdf 2017/03/15 v3.2 Provides the ifpdf switch
)
("C:\Users\liyue\AppData\Local\Programs\MiKTeX 2.9\tex\generic\ifxetex\ifxetex.
sty"
Package: ifxetex 2010/09/12 v0.6 Provides ifxetex conditional
)
("C:\Users\liyue\AppData\Local\Programs\MiKTeX 2.9\tex\latex\graphics\keyval.st
y"
Package: keyval 2014/10/28 v1.15 key=value parser (DPC)
\KV@toks@=\toks14
)
("C:\Users\liyue\AppData\Local\Programs\MiKTeX 2.9\tex\latex\tools\indentfirst.
sty"
Package: indentfirst 1995/11/23 v1.03 Indent first paragraph (DPC)
)
("C:\Users\liyue\AppData\Local\Programs\MiKTeX 2.9\tex\latex\base\fix-cm.sty"
Package: fix-cm 2015/01/14 v1.1t fixes to LaTeX

("C:\Users\liyue\AppData\Local\Programs\MiKTeX 2.9\tex\latex\base\ts1enc.def"
File: ts1enc.def 2001/06/05 v3.0e (jk/car/fm) Standard LaTeX file
)) (C:\CTEX\MiKTeX\tex\latex\fancyhdr\fancyhdr.sty
\fancy@headwidth=\skip49
\f@ncyO@elh=\skip50
\f@ncyO@erh=\skip51
\f@ncyO@olh=\skip52
\f@ncyO@orh=\skip53
\f@ncyO@elf=\skip54
\f@ncyO@erf=\skip55
\f@ncyO@olf=\skip56
\f@ncyO@orf=\skip57
)
(C:\CTEX\MiKTeX\tex\latex\ctex\engine\ctex-cjk-engine.def
(C:\CTEX\MiKTeX\tex\latex\cjk\CJK.sty
Package: CJK 2008/12/29 4.8.2

(C:\CTEX\MiKTeX\tex\latex\cjk\mule\MULEenc.sty
Package: MULEenc 2008/12/29 4.8.2
)
(C:\CTEX\MiKTeX\tex\latex\cjk\CJK.enc
File: CJK.enc 2008/12/29 4.8.2
)
LaTeX Info: Redefining \selectfont on input line 756.
\CJK@indent=\box35
)
(C:\CTEX\CTeX\tex\latex\CJKpunct\CJKpunct.sty
Package: CJKpunct 2010/02/21 4.8.2-2
\CJKpunct@cnta=\count160
\CJKpunct@cntb=\count161
\CJKpunct@cntc=\count162
\CJKpunct@cntd=\count163
\CJKpunct@cnte=\count164

(C:\CTEX\CTeX\tex\latex\CJKpunct\CJKpunct.spa))
(C:\CTEX\MiKTeX\tex\latex\ctex\engine\ctex-cjk-common.def
(C:\CTEX\CTeX\tex\latex\CJK\CJKfntef.sty
Package: CJKfntef 2008/12/29 4.8.2

(C:\CTEX\MiKTeX\tex\latex\cjk\CJKulem.sty
Package: CJKulem 2008/12/29 4.8.2

(C:\CTEX\MiKTeX\tex\latex\ulem\ulem.sty
\UL@box=\box36
\UL@hyphenbox=\box37
\UL@skip=\skip58
\UL@hook=\toks15
\UL@height=\dimen138
\UL@pe=\count165
\UL@pixel=\dimen139
\ULC@box=\box38
Package: ulem 2011/03/18
\ULdepth=\dimen140
)
\UL@lastkern=\dimen141
\CJK@skip=\skip59
)
\CJK@fntefSkip=\skip60
\CJK@nest=\count166
\CJK@fntefDimen=\dimen142
\CJK@underdotBox=\box39
\CJK@ULbox=\box40
\CJK@underanyskip=\dimen143
)
\ccwd=\dimen144
)
(C:\CTEX\MiKTeX\tex\latex\ctex\fontset\ctex-cjk-winfonts.def
(C:\CTEX\MiKTeX\tex\generic\zhmetrics\zhwinfonts.tex
("C:\Users\liyue\AppData\Local\Programs\MiKTeX 2.9\tex\generic\oberdiek\ifpdf.s
ty"

LaTeX Warning: You have requested document class `ctexbook',
               but the document class provides `ifpdf'.

Document Class: ifpdf 2017/03/15 v3.2 Provides the ifpdf switch
){C:/CTEX/UserData/pdftex/config/pdftex.map{Unicode.sfd}{UGBK.sfd}})))
\CTEX@q=\count167
Normal \count register pool exhausted, switching to extended pool.
\CTEX@r=\count277
)
(C:\CTEX\MiKTeX\tex\latex\ctex\def\ctex-caption.def)
(C:\CTEX\MiKTeX\tex\latex\ctex\def\ctex-class.def)
(C:\CTEX\MiKTeX\tex\latex\ctex\def\ctex-book.def))
(C:\CTEX\MiKTeX\tex\latex\ctex\def\ctex-gbk.def)
(C:\CTEX\MiKTeX\tex\latex\ctex\cfg\ctexcap.cfg
(C:\CTEX\MiKTeX\tex\latex\ctex\cfg\ctexcap-gbk.cfg))
(C:\CTEX\MiKTeX\tex\latex\ctex\cfg\ctex.cfg)
("C:\Users\liyue\AppData\Local\Programs\MiKTeX 2.9\tex\latex\amsmath\amsmath.st
y"
Package: amsmath 2017/09/02 v2.17a AMS math features
\@mathmargin=\skip61

For additional information on amsmath, use the `?' option.

("C:\Users\liyue\AppData\Local\Programs\MiKTeX 2.9\tex\latex\amsmath\amstext.st
y"
Package: amstext 2000/06/29 v2.01 AMS text

("C:\Users\liyue\AppData\Local\Programs\MiKTeX 2.9\tex\latex\amsmath\amsgen.sty
"
File: amsgen.sty 1999/11/30 v2.0 generic functions
\@emptytoks=\toks16
\ex@=\dimen145
))
("C:\Users\liyue\AppData\Local\Programs\MiKTeX 2.9\tex\latex\amsmath\amsbsy.sty
"
Package: amsbsy 1999/11/29 v1.2d Bold Symbols
\pmbraise@=\dimen146
)
("C:\Users\liyue\AppData\Local\Programs\MiKTeX 2.9\tex\latex\amsmath\amsopn.sty
"
Package: amsopn 2016/03/08 v2.02 operator names
)
\inf@bad=\count278
LaTeX Info: Redefining \frac on input line 213.
\uproot@=\count279
\leftroot@=\count280
LaTeX Info: Redefining \overline on input line 375.
\classnum@=\count281
\DOTSCASE@=\count282
LaTeX Info: Redefining \ldots on input line 472.
LaTeX Info: Redefining \dots on input line 475.
LaTeX Info: Redefining \cdots on input line 596.
\Mathstrutbox@=\box41
\strutbox@=\box42
\big@size=\dimen147
LaTeX Font Info:    Redeclaring font encoding OML on input line 712.
LaTeX Font Info:    Redeclaring font encoding OMS on input line 713.
\macc@depth=\count283
\c@MaxMatrixCols=\count284
\dotsspace@=\muskip10
\c@parentequation=\count285
\dspbrk@lvl=\count286
\tag@help=\toks17
\row@=\count287
\column@=\count288
\maxfields@=\count289
\andhelp@=\toks18
\eqnshift@=\dimen148
\alignsep@=\dimen149
\tagshift@=\dimen150
\tagwidth@=\dimen151
\totwidth@=\dimen152
\lineht@=\dimen153
\@envbody=\toks19
\multlinegap=\skip62
\multlinetaggap=\skip63
\mathdisplay@stack=\toks20
LaTeX Info: Redefining \[ on input line 2817.
LaTeX Info: Redefining \] on input line 2818.
)
("C:\Users\liyue\AppData\Local\Programs\MiKTeX 2.9\tex\latex\amscls\amsthm.sty"
Package: amsthm 2017/10/31 v2.20.4
\thm@style=\toks21
\thm@bodyfont=\toks22
\thm@headfont=\toks23
\thm@notefont=\toks24
\thm@headpunct=\toks25
\thm@preskip=\skip64
\thm@postskip=\skip65
\thm@headsep=\skip66
\dth@everypar=\toks26
)
("C:\Users\liyue\AppData\Local\Programs\MiKTeX 2.9\tex\latex\amsfonts\amsfonts.
sty"
Package: amsfonts 2013/01/14 v3.01 Basic AMSFonts support
\symAMSa=\mathgroup4
\symAMSb=\mathgroup5
LaTeX Font Info:    Overwriting math alphabet `\mathfrak' in version `bold'
(Font)                  U/euf/m/n --> U/euf/b/n on input line 106.
)
("C:\Users\liyue\AppData\Local\Programs\MiKTeX 2.9\tex\latex\amsfonts\amssymb.s
ty"
Package: amssymb 2013/01/14 v3.01 AMS font symbols
) ("C:\Users\liyue\AppData\Local\Programs\MiKTeX 2.9\tex\latex\tools\bm.sty"
Package: bm 2017/01/16 v1.2c Bold Symbol Support (DPC/FMi)
\symboldoperators=\mathgroup6
\symboldletters=\mathgroup7
\symboldsymbols=\mathgroup8
LaTeX Font Info:    Redeclaring math alphabet \mathbf on input line 141.
LaTeX Info: Redefining \bm on input line 207.
)
("C:\Users\liyue\AppData\Local\Programs\MiKTeX 2.9\tex\latex\graphics\graphicx.
sty"
Package: graphicx 2017/06/01 v1.1a Enhanced LaTeX Graphics (DPC,SPQR)
\Gin@req@height=\dimen154
\Gin@req@width=\dimen155
)
("C:\Users\liyue\AppData\Local\Programs\MiKTeX 2.9\tex\latex\hyperref\hyperref.
sty"
Package: hyperref 2018/02/06 v6.86b Hypertext links for LaTeX

("C:\Users\liyue\AppData\Local\Programs\MiKTeX 2.9\tex\generic\oberdiek\hobsub-
hyperref.sty"
Package: hobsub-hyperref 2016/05/16 v1.14 Bundle oberdiek, subset hyperref (HO)


("C:\Users\liyue\AppData\Local\Programs\MiKTeX 2.9\tex\generic\oberdiek\hobsub-
generic.sty"
Package: hobsub-generic 2016/05/16 v1.14 Bundle oberdiek, subset generic (HO)
Package: hobsub 2016/05/16 v1.14 Construct package bundles (HO)
Package: infwarerr 2016/05/16 v1.4 Providing info/warning/error messages (HO)
Package: ltxcmds 2016/05/16 v1.23 LaTeX kernel commands for general use (HO)
Package: ifluatex 2016/05/16 v1.4 Provides the ifluatex switch (HO)
Package ifluatex Info: LuaTeX not detected.
Package: ifvtex 2016/05/16 v1.6 Detect VTeX and its facilities (HO)
Package ifvtex Info: VTeX not detected.
Package: intcalc 2016/05/16 v1.2 Expandable calculations with integers (HO)
Package hobsub Info: Skipping package `ifpdf' (already loaded).
Package: etexcmds 2016/05/16 v1.6 Avoid name clashes with e-TeX commands (HO)
Package etexcmds Info: Could not find \expanded.
(etexcmds)             That can mean that you are not using pdfTeX 1.50 or
(etexcmds)             that some package has redefined \expanded.
(etexcmds)             In the latter case, load this package earlier.
Package: kvsetkeys 2016/05/16 v1.17 Key value parser (HO)
Package: kvdefinekeys 2016/05/16 v1.4 Define keys (HO)
Package: pdftexcmds 2018/01/21 v0.26 Utility functions of pdfTeX for LuaTeX (HO
)
Package pdftexcmds Info: LuaTeX not detected.
Package pdftexcmds Info: \pdf@primitive is available.
Package pdftexcmds Info: \pdf@ifprimitive is available.
Package pdftexcmds Info: \pdfdraftmode found.
Package: pdfescape 2016/05/16 v1.14 Implements pdfTeX's escape features (HO)
Package: bigintcalc 2016/05/16 v1.4 Expandable calculations on big integers (HO
)
Package: bitset 2016/05/16 v1.2 Handle bit-vector datatype (HO)
Package: uniquecounter 2016/05/16 v1.3 Provide unlimited unique counter (HO)
)
Package hobsub Info: Skipping package `hobsub' (already loaded).
Package: letltxmacro 2016/05/16 v1.5 Let assignment for LaTeX macros (HO)
Package: hopatch 2016/05/16 v1.3 Wrapper for package hooks (HO)
Package: xcolor-patch 2016/05/16 xcolor patch
Package: atveryend 2016/05/16 v1.9 Hooks at the very end of document (HO)
Package: atbegshi 2016/06/09 v1.18 At begin shipout hook (HO)
Package: refcount 2016/05/16 v3.5 Data extraction from label references (HO)
Package: hycolor 2016/05/16 v1.8 Color options for hyperref/bookmark (HO)
)
("C:\Users\liyue\AppData\Local\Programs\MiKTeX 2.9\tex\latex\oberdiek\auxhook.s
ty"
Package: auxhook 2016/05/16 v1.4 Hooks for auxiliary files (HO)
)
("C:\Users\liyue\AppData\Local\Programs\MiKTeX 2.9\tex\latex\oberdiek\kvoptions
.sty"
Package: kvoptions 2016/05/16 v3.12 Key value format for package options (HO)
)
\@linkdim=\dimen156
\Hy@linkcounter=\count290
\Hy@pagecounter=\count291

("C:\Users\liyue\AppData\Local\Programs\MiKTeX 2.9\tex\latex\hyperref\pd1enc.de
f"
File: pd1enc.def 2018/02/06 v6.86b Hyperref: PDFDocEncoding definition (HO)
)
\Hy@SavedSpaceFactor=\count292

("C:\Users\liyue\AppData\Local\Programs\MiKTeX 2.9\tex\latex\00miktex\hyperref.
cfg"
File: hyperref.cfg 2002/06/06 v1.2 hyperref configuration of TeXLive
)
Package hyperref Info: Hyper figures OFF on input line 4509.
Package hyperref Info: Link nesting OFF on input line 4514.
Package hyperref Info: Hyper index ON on input line 4517.
Package hyperref Info: Plain pages OFF on input line 4524.
Package hyperref Info: Backreferencing OFF on input line 4529.
Package hyperref Info: Implicit mode ON; LaTeX internals redefined.
Package hyperref Info: Bookmarks ON on input line 4762.
\c@Hy@tempcnt=\count293
 ("C:\Users\liyue\AppData\Local\Programs\MiKTeX 2.9\tex\latex\url\url.sty"
\Urlmuskip=\muskip11
Package: url 2013/09/16  ver 3.4  Verb mode for urls, etc.
)
LaTeX Info: Redefining \url on input line 5115.
\XeTeXLinkMargin=\dimen157
\Fld@menulength=\count294
\Field@Width=\dimen158
\Fld@charsize=\dimen159
Package hyperref Info: Hyper figures OFF on input line 6369.
Package hyperref Info: Link nesting OFF on input line 6374.
Package hyperref Info: Hyper index ON on input line 6377.
Package hyperref Info: backreferencing OFF on input line 6384.
Package hyperref Info: Link coloring OFF on input line 6389.
Package hyperref Info: Link coloring with OCG OFF on input line 6394.
Package hyperref Info: PDF/A mode OFF on input line 6399.
LaTeX Info: Redefining \ref on input line 6439.
LaTeX Info: Redefining \pageref on input line 6443.
\Hy@abspage=\count295
\c@Item=\count296
\c@Hfootnote=\count297
)
Package hyperref Info: Driver: hpdftex.

("C:\Users\liyue\AppData\Local\Programs\MiKTeX 2.9\tex\latex\hyperref\hpdftex.d
ef"
File: hpdftex.def 2018/02/06 v6.86b Hyperref driver for pdfTeX
\Fld@listcount=\count298
\c@bookmark@seq@number=\count299

("C:\Users\liyue\AppData\Local\Programs\MiKTeX 2.9\tex\latex\oberdiek\rerunfile
check.sty"
Package: rerunfilecheck 2016/05/16 v1.8 Rerun checks for auxiliary files (HO)
Package uniquecounter Info: New unique counter `rerunfilecheck' on input line 2
82.
)
\Hy@SectionHShift=\skip67
)
("C:\Users\liyue\AppData\Local\Programs\MiKTeX 2.9\tex\latex\natbib\natbib.sty"
Package: natbib 2010/09/13 8.31b (PWD, AO)
\bibhang=\skip68
\bibsep=\skip69
LaTeX Info: Redefining \cite on input line 694.
\c@NAT@ctr=\count300
)
Package hyperref Info: Option `CJKbookmarks' set `true' on input line 91.
Package hyperref Info: Option `bookmarksnumbered' set `true' on input line 91.
Package hyperref Info: Option `colorlinks' set `true' on input line 91.
Package hyperref Info: Option `plainpages' set `false' on input line 91.

("C:\Users\liyue\AppData\Local\Programs\MiKTeX 2.9\tex\latex\geometry\geometry.
sty"
Package: geometry 2010/09/12 v5.6 Page Geometry
\Gm@cnth=\count301
\Gm@cntv=\count302
\c@Gm@tempcnt=\count303
\Gm@bindingoffset=\dimen160
\Gm@wd@mp=\dimen161
\Gm@odd@mp=\dimen162
\Gm@even@mp=\dimen163
\Gm@layoutwidth=\dimen164
\Gm@layoutheight=\dimen165
\Gm@layouthoffset=\dimen166
\Gm@layoutvoffset=\dimen167
\Gm@dimlist=\toks27

("C:\Users\liyue\AppData\Local\Programs\MiKTeX 2.9\tex\latex\geometry\geometry.
cfg")))
(C:\Users\liyue\Desktop\Ê®°Êùø„ÄêÁ∫ØÂáÄÁöÑLatex„Äë\NJUthesis\NJUthesis.cfg
File: NJUthesis.cfg 2010/05/14 v0.2d NJUthesisconfiguration file
\c@algo=\count304
\c@thm=\count305
\c@defn=\count306
\c@conj=\count307
\c@exmp=\count308
\c@rem=\count309
\c@case=\count310
)
("C:\Users\liyue\AppData\Local\Programs\MiKTeX 2.9\tex\latex\tools\longtable.st
y"
Package: longtable 2014/10/28 v4.11 Multi-page Table package (DPC)
\LTleft=\skip70
\LTright=\skip71
\LTpre=\skip72
\LTpost=\skip73
\LTchunksize=\count311
Normal \dimen register pool exhausted, switching to extended pool.
\LTcapwidth=\dimen256
\LT@head=\box43
\LT@firsthead=\box44
\LT@foot=\box45
\LT@lastfoot=\box46
\LT@cols=\count312
\LT@rows=\count313
\c@LT@tables=\count314
\c@LT@chunks=\count315
\LT@p@ftn=\toks28
)
("C:\Users\liyue\AppData\Local\Programs\MiKTeX 2.9\tex\latex\multirow\multirow.
sty"
Package: multirow 2016/11/25 v2.2 Span multiple rows of a table
\multirow@colwidth=\skip74
\multirow@cntb=\count316
\multirow@dima=\skip75
\bigstrutjot=\dimen257
)
("C:\Users\liyue\AppData\Local\Programs\MiKTeX 2.9\tex\latex\psnfss\times.sty"
Package: times 2005/04/12 PSNFSS-v9.2a (SPQR) 
) (C:\CTEX\MiKTeX\tex\latex\fancyvrb\fancyvrb.sty
Package: fancyvrb 2008/02/07

Style option: `fancyvrb' v2.7a, with DG/SPQR fixes, and firstline=lastline fix 
<2008/02/07> (tvz)
\FV@CodeLineNo=\count317
\FV@InFile=\read1
\FV@TabBox=\box47
\c@FancyVerbLine=\count318
\FV@StepNumber=\count319
\FV@OutFile=\write3
) (C:\CTEX\MiKTeX\tex\latex\enumitem\enumitem.sty
Package: enumitem 2011/09/28 v3.5.2 Customized lists
\labelindent=\skip76
\enit@outerparindent=\dimen258
\enit@toks=\toks29
\enit@inbox=\box48
\enitdp@description=\count320
)
("C:\Users\liyue\AppData\Local\Programs\MiKTeX 2.9\tex\latex\caption\caption.st
y"
Package: caption 2018/05/01 v3.3-147 Customizing captions (AR)

("C:\Users\liyue\AppData\Local\Programs\MiKTeX 2.9\tex\latex\caption\caption3.s
ty"
Package: caption3 2018/05/27 v1.8a caption3 kernel (AR)
Package caption3 Info: TeX engine: e-TeX on input line 64.
\captionmargin=\dimen259
\captionmargin@=\dimen260
\captionwidth=\dimen261
\caption@tempdima=\dimen262
\caption@indent=\dimen263
\caption@parindent=\dimen264
\caption@hangindent=\dimen265
Package caption Info: Unknown document class (or package),
(caption)             standard defaults will be used.
)

Package caption Warning: Unsupported document class (or package) detected,
(caption)                usage of the caption package is not recommended.
See the caption package documentation for explanation.

Package caption Info: \@makecaption = \long macro:#1#2->\vskip \abovecaptionski
p \sbox \@tempboxa {#1\CTEX@caption@delimiter #2}\ifdim \wd \@tempboxa >\hsize 
#1\CTEX@caption@delimiter #2\par \else \global \@minipagefalse \hb@xt@ \hsize {
\hfil \box \@tempboxa \hfil }\fi \vskip \belowcaptionskip .
\c@ContinuedFloat=\count321
Package caption Info: hyperref package is loaded.
Package caption Info: longtable package is loaded.

("C:\Users\liyue\AppData\Local\Programs\MiKTeX 2.9\tex\latex\caption\ltcaption.
sty"
Package: ltcaption 2013/06/09 v1.4-94 longtable captions (AR)
))
("C:\Users\liyue\AppData\Local\Programs\MiKTeX 2.9\tex\latex\algorithms\algorit
hm.sty"
Package: algorithm 2009/08/24 v0.1 Document Style `algorithm' - floating enviro
nment

("C:\Users\liyue\AppData\Local\Programs\MiKTeX 2.9\tex\latex\float\float.sty"
Package: float 2001/11/08 v1.3d Float enhancements (AL)
\c@float@type=\count322
\float@exts=\toks30
\float@box=\box49
\@float@everytoks=\toks31
\@floatcapt=\box50
)
("C:\Users\liyue\AppData\Local\Programs\MiKTeX 2.9\tex\latex\base\ifthen.sty"
Package: ifthen 2014/09/29 v1.1c Standard LaTeX ifthen package (DPC)
)
\@float@every@algorithm=\toks32
\c@algorithm=\count323
)
("C:\Users\liyue\AppData\Local\Programs\MiKTeX 2.9\tex\latex\algorithms\algorit
hmic.sty"
Package: algorithmic 2009/08/24 v0.1 Document Style `algorithmic'
\c@ALC@unique=\count324
\c@ALC@line=\count325
\c@ALC@rem=\count326
\c@ALC@depth=\count327
\ALC@tlm=\skip77
\algorithmicindent=\skip78
)
(C:\Users\liyue\Desktop\Ê®°Êùø„ÄêÁ∫ØÂáÄÁöÑLatex„Äë\NJUthesis\template.aux

LaTeX Warning: Label `l2' multiply defined.

)
LaTeX Font Info:    Checking defaults for OML/cmm/m/it on input line 47.
LaTeX Font Info:    ... okay on input line 47.
LaTeX Font Info:    Checking defaults for T1/cmr/m/n on input line 47.
LaTeX Font Info:    ... okay on input line 47.
LaTeX Font Info:    Checking defaults for OT1/cmr/m/n on input line 47.
LaTeX Font Info:    ... okay on input line 47.
LaTeX Font Info:    Checking defaults for OMS/cmsy/m/n on input line 47.
LaTeX Font Info:    ... okay on input line 47.
LaTeX Font Info:    Checking defaults for OMX/cmex/m/n on input line 47.
LaTeX Font Info:    ... okay on input line 47.
LaTeX Font Info:    Checking defaults for U/cmr/m/n on input line 47.
LaTeX Font Info:    ... okay on input line 47.
LaTeX Font Info:    Checking defaults for TS1/cmr/m/n on input line 47.
LaTeX Font Info:    ... okay on input line 47.
LaTeX Font Info:    Checking defaults for C00/song/m/n on input line 47.
LaTeX Font Info:    ... okay on input line 47.
LaTeX Font Info:    Checking defaults for C05/song/m/n on input line 47.
LaTeX Font Info:    ... okay on input line 47.
LaTeX Font Info:    Checking defaults for C09/song/m/n on input line 47.
LaTeX Font Info:    ... okay on input line 47.
LaTeX Font Info:    Checking defaults for C10/song/m/n on input line 47.
LaTeX Font Info:    ... okay on input line 47.
LaTeX Font Info:    Checking defaults for C20/song/m/n on input line 47.
LaTeX Font Info:    ... okay on input line 47.
LaTeX Font Info:    Checking defaults for C19/song/m/n on input line 47.
LaTeX Font Info:    ... okay on input line 47.
LaTeX Font Info:    Checking defaults for C40/song/m/n on input line 47.
LaTeX Font Info:    ... okay on input line 47.
LaTeX Font Info:    Checking defaults for C42/song/m/n on input line 47.
LaTeX Font Info:    ... okay on input line 47.
LaTeX Font Info:    Checking defaults for C43/song/m/n on input line 47.
LaTeX Font Info:    ... okay on input line 47.
LaTeX Font Info:    Checking defaults for C50/song/m/n on input line 47.
LaTeX Font Info:    ... okay on input line 47.
LaTeX Font Info:    Checking defaults for C52/song/m/n on input line 47.
LaTeX Font Info:    ... okay on input line 47.
LaTeX Font Info:    Checking defaults for C49/song/m/n on input line 47.
LaTeX Font Info:    ... okay on input line 47.
LaTeX Font Info:    Checking defaults for C60/mj/m/n on input line 47.
LaTeX Font Info:    ... okay on input line 47.
LaTeX Font Info:    Checking defaults for C61/mj/m/n on input line 47.
LaTeX Font Info:    ... okay on input line 47.
LaTeX Font Info:    Checking defaults for C63/mj/m/n on input line 47.
LaTeX Font Info:    ... okay on input line 47.
LaTeX Font Info:    Checking defaults for C64/mj/m/n on input line 47.
LaTeX Font Info:    ... okay on input line 47.
LaTeX Font Info:    Checking defaults for C65/mj/m/n on input line 47.
LaTeX Font Info:    ... okay on input line 47.
LaTeX Font Info:    Checking defaults for C70/song/m/n on input line 47.
LaTeX Font Info:    ... okay on input line 47.
LaTeX Font Info:    Checking defaults for C31/song/m/n on input line 47.
LaTeX Font Info:    ... okay on input line 47.
LaTeX Font Info:    Checking defaults for C32/song/m/n on input line 47.
LaTeX Font Info:    ... okay on input line 47.
LaTeX Font Info:    Checking defaults for C33/song/m/n on input line 47.
LaTeX Font Info:    ... okay on input line 47.
LaTeX Font Info:    Checking defaults for C34/song/m/n on input line 47.
LaTeX Font Info:    ... okay on input line 47.
LaTeX Font Info:    Checking defaults for C35/song/m/n on input line 47.
LaTeX Font Info:    ... okay on input line 47.
LaTeX Font Info:    Checking defaults for C36/song/m/n on input line 47.
LaTeX Font Info:    ... okay on input line 47.
LaTeX Font Info:    Checking defaults for C37/song/m/n on input line 47.
LaTeX Font Info:    ... okay on input line 47.
LaTeX Font Info:    Checking defaults for C80/song/m/n on input line 47.
LaTeX Font Info:    ... okay on input line 47.
LaTeX Font Info:    Checking defaults for C81/song/m/n on input line 47.
LaTeX Font Info:    ... okay on input line 47.
LaTeX Font Info:    Checking defaults for C01/song/m/n on input line 47.
LaTeX Font Info:    ... okay on input line 47.
LaTeX Font Info:    Checking defaults for C11/song/m/n on input line 47.
LaTeX Font Info:    ... okay on input line 47.
LaTeX Font Info:    Checking defaults for C21/song/m/n on input line 47.
LaTeX Font Info:    ... okay on input line 47.
LaTeX Font Info:    Checking defaults for C41/song/m/n on input line 47.
LaTeX Font Info:    ... okay on input line 47.
LaTeX Font Info:    Checking defaults for C62/song/m/n on input line 47.
LaTeX Font Info:    ... okay on input line 47.
LaTeX Font Info:    Checking defaults for PD1/pdf/m/n on input line 47.
LaTeX Font Info:    ... okay on input line 47.
LaTeX Font Info:    Try loading font information for OT1+ptm on input line 47.
 ("C:\Users\liyue\AppData\Local\Programs\MiKTeX 2.9\tex\latex\psnfss\ot1ptm.fd"
File: ot1ptm.fd 2001/06/04 font definitions for OT1/ptm.
)
("C:\Users\liyue\AppData\Local\Programs\MiKTeX 2.9\tex\context\base\supp-pdf.mk
ii"
[Loading MPS to PDF converter (version 2006.09.02).]
\scratchcounter=\count328
\scratchdimen=\dimen266
\scratchbox=\box51
\nofMPsegments=\count329
\nofMParguments=\count330
\everyMPshowfont=\toks33
\MPscratchCnt=\count331
\MPscratchDim=\dimen267
\MPnumerator=\count332
\makeMPintoPDFobject=\count333
\everyMPtoPDFconversion=\toks34
)
("C:\Users\liyue\AppData\Local\Programs\MiKTeX 2.9\tex\latex\oberdiek\epstopdf-
base.sty"
Package: epstopdf-base 2016/05/15 v2.6 Base part for package epstopdf

("C:\Users\liyue\AppData\Local\Programs\MiKTeX 2.9\tex\latex\oberdiek\grfext.st
y"
Package: grfext 2016/05/16 v1.2 Manage graphics extensions (HO)
)
Package epstopdf-base Info: Redefining graphics rule for `.eps' on input line 4
38.
Package grfext Info: Graphics extension search list:
(grfext)             [.pdf,.eps]
(grfext)             \AppendGraphicsExtensions on input line 456.
)
\AtBeginShipoutBox=\box52
Package hyperref Info: Link coloring ON on input line 47.

("C:\Users\liyue\AppData\Local\Programs\MiKTeX 2.9\tex\latex\hyperref\nameref.s
ty"
Package: nameref 2016/05/21 v2.44 Cross-referencing by name of section

("C:\Users\liyue\AppData\Local\Programs\MiKTeX 2.9\tex\generic\oberdiek\gettitl
estring.sty"
Package: gettitlestring 2016/05/16 v1.5 Cleanup title references (HO)
)
\c@section@level=\count334
)
LaTeX Info: Redefining \ref on input line 47.
LaTeX Info: Redefining \pageref on input line 47.
LaTeX Info: Redefining \nameref on input line 47.

(C:\Users\liyue\Desktop\Ê®°Êùø„ÄêÁ∫ØÂáÄÁöÑLatex„Äë\NJUthesis\template.out)
(C:\Users\liyue\Desktop\Ê®°Êùø„ÄêÁ∫ØÂáÄÁöÑLatex„Äë\NJUthesis\template.out)
\@outlinefile=\write4

*geometry* detected driver: pdftex
*geometry* verbose mode - [ preamble ] result:
* driver: pdftex
* paper: <default>
* layout: <same size as paper>
* layoutoffset:(h,v)=(0.0pt,0.0pt)
* modes: 
* h-part:(L,W,R)=(91.04872pt, 415.41043pt, 91.04872pt)
* v-part:(T,H,B)=(99.58464pt, 645.87756pt, 99.58464pt)
* \paperwidth=597.50787pt
* \paperheight=845.04684pt
* \textwidth=415.41043pt
* \textheight=645.87756pt
* \oddsidemargin=18.77873pt
* \evensidemargin=18.77873pt
* \topmargin=-55.19849pt
* \headheight=73.97733pt
* \headsep=8.53581pt
* \topskip=12.0pt
* \footskip=36.98857pt
* \marginparwidth=38.0pt
* \marginparsep=7.0pt
* \columnsep=10.0pt
* \skip\footins=10.8pt plus 4.0pt minus 2.0pt
* \hoffset=0.0pt
* \voffset=0.0pt
* \mag=1000
* \@twocolumnfalse
* \@twosidefalse
* \@mparswitchfalse
* \@reversemarginfalse
* (1in=72.27pt=25.4mm, 1cm=28.453pt)

Package caption Info: Begin \AtBeginDocument code.
Package caption Info: float package is loaded.
Package caption Info: End \AtBeginDocument code.
(C:\CTEX\MiKTeX\tex\latex\cjk\standard.bdg
File: standard.bdg 2008/12/29 4.8.2
)
(C:\CTEX\MiKTeX\tex\latex\cjk\extended.enc
File: extended.enc 2008/12/29 4.8.2
)
(C:\CTEX\MiKTeX\tex\latex\cjk\extended.chr
File: extended.chr 2008/12/29 4.8.2
)
<figures/njulogo.pdf, id=295, 402.50375pt x 505.89pt>
File: figures/njulogo.pdf Graphic file (type pdf)
<use figures/njulogo.pdf>
Package pdftex.def Info: figures/njulogo.pdf  used on input line 100.
(pdftex.def)             Requested size: 55.76758pt x 70.09077pt.
<figures/njuname.pdf, id=296, 456.70625pt x 149.55875pt>
File: figures/njuname.pdf Graphic file (type pdf)
<use figures/njuname.pdf>
Package pdftex.def Info: figures/njuname.pdf  used on input line 100.
(pdftex.def)             Requested size: 173.77316pt x 56.9055pt.
LaTeX Font Info:    Font shape `OT1/ptm/bx/n' in size <12.05> not available
(Font)              Font shape `OT1/ptm/b/n' tried instead on input line 100.
LaTeX Font Info:    Font shape `OT1/ptm/bx/n' in size <26.1> not available
(Font)              Font shape `OT1/ptm/b/n' tried instead on input line 100.
LaTeX Font Info:    Try loading font information for C19+zhkai on input line 10
0.

(C:\CTEX\MiKTeX\tex\latex\zhmetrics\c19zhkai.fd
File: c19zhkai.fd 2009/09/23 4.8.2
)
Package CJKpunct Info: punctuation spaces for family 'zhkai' do not exist. Use 
family 'def' instead. on input line 100.
LaTeX Font Info:    Font shape `OT1/ptm/bx/n' in size <16.06> not available
(Font)              Font shape `OT1/ptm/b/n' tried instead on input line 100.
LaTeX Font Info:    Try loading font information for U+msa on input line 100.

("C:\Users\liyue\AppData\Local\Programs\MiKTeX 2.9\tex\latex\amsfonts\umsa.fd"
File: umsa.fd 2013/01/14 v3.01 AMS symbols A
)
LaTeX Font Info:    Try loading font information for U+msb on input line 100.
("C:\Users\liyue\AppData\Local\Programs\MiKTeX 2.9\tex\latex\amsfonts\umsb.fd"
File: umsb.fd 2013/01/14 v3.01 AMS symbols B
)
Overfull \hbox (14.38182pt too wide) in paragraph at lines 100--100
 [][] 
 []

LaTeX Font Info:    Font shape `OT1/ptm/bx/n' in size <14.05> not available
(Font)              Font shape `OT1/ptm/b/n' tried instead on input line 100.
[1


 <C:/Users/liyue/Desktop/Ê®°Êùø„ÄêÁ∫ØÂáÄÁöÑLatex„Äë/NJUthesis/figures/njulogo.p
df> <C:/Users/liyue/Desktop/Ê®°Êùø„ÄêÁ∫ØÂáÄÁöÑLatex„Äë/NJUthesis/figures/njunam
e.pdf>]
LaTeX Font Info:    Font shape `OT1/ptm/bx/n' in size <15.06> not available
(Font)              Font shape `OT1/ptm/b/n' tried instead on input line 100.
 [2

]
LaTeX Font Info:    Font shape `OT1/ptm/bx/n' in size <22.08> not available
(Font)              Font shape `OT1/ptm/b/n' tried instead on input line 103.
 [3

]
LaTeX Font Info:    Font shape `OT1/ptm/bx/n' in size <18.07> not available
(Font)              Font shape `OT1/ptm/b/n' tried instead on input line 112.
LaTeX Font Info:    Try loading font information for C19+zhhei on input line 11
2.
 (C:\CTEX\MiKTeX\tex\latex\zhmetrics\c19zhhei.fd
File: c19zhhei.fd 2009/09/23 4.8.2
)
Package CJKpunct Info: punctuation spaces for family 'zhhei' do not exist. Use 
family 'def' instead. on input line 112.
LaTeX Font Info:    Try loading font information for C19+rm on input line 114.

(C:\CTEX\MiKTeX\tex\latex\ctex\fd\c19rm.fd
File: c19rm.fd 2007/05/06 v0.8a ctex font definition file
)
Package CJKpunct Info: punctuation spaces for family 'zhsong' do not exist. Use
 family 'def' instead. on input line 114.
 [1


] [2] [3

] [4]

Package hyperref Warning: Token not allowed in a PDF string (PDFDocEncoding):
(hyperref)                \hskip 12.05pt
(hyperref)                replaced by space on input line 160.


Package hyperref Warning: Token not allowed in a PDF string (PDFDocEncoding):
(hyperref)                \hskip 12.05pt
(hyperref)                replaced by space on input line 160.

(C:\Users\liyue\Desktop\Ê®°Êùø„ÄêÁ∫ØÂáÄÁöÑLatex„Äë\NJUthesis\template.toc
[5

] [6])
\tf@toc=\write5
 [7]
(C:\Users\liyue\Desktop\Ê®°Êùø„ÄêÁ∫ØÂáÄÁöÑLatex„Äë\NJUthesis\template.lot
Overfull \hbox (15.15994pt too wide) in paragraph at lines 13--13
 [][] [][][]\C19/rm/m/n/12.05/46 ≤ \C19/rm/m/n/12.05/40 ; \C19/rm/m/n/12.05/45 
} \C19/rm/m/n/12.05/64 { \C19/rm/m/n/12.05/56 é \C19/rm/m/n/12.05/41 { \C19/rm/
m/n/12.05/42 U \C19/rm/m/n/12.05/46 ? \C19/rm/m/n/12.05/53 c \C19/rm/m/n/12.05/
44   \C19/rm/m/n/12.05/40  \C19/rm/m/n/12.05/60  \C19/rm/m/n/12.05/43 J \C19/
rm/m/n/12.05/40 È \C19/rm/m/n/12.05/37 ' |\C19/rm/m/n/12.05/26 £|\C19/rm/m/n/12
.05/44 ƒ \C19/rm/m/n/12.05/62 u\OT1/ptm/m/n/12.05 CIFAR10\C19/rm/m/n/12.05/55 Í
 \C19/rm/m/n/12.05/46 ‚ \C19/rm/m/n/12.05/45 8 \C19/rm/m/n/12.05/43 ⁄\OT1/ptm/m
/n/12.05 VGG16|\C19/rm/m/n/12.05/26 §| 
 []

)
\tf@lot=\write6
 [8

] (C:\Users\liyue\Desktop\Ê®°Êùø„ÄêÁ∫ØÂáÄÁöÑLatex„Äë\NJUthesis\template.lof)
\tf@lof=\write7
 [9

]
µ⁄“ª’¬
pdfTeX warning (ext4): destination with the same identifier (name{page.1}) has 
been already used, duplicate ignored
<to be read again> 
                   \relax 
l.188 
       [1


]
<quantization.pdf, id=619, 534.19576pt x 405.91649pt>
File: quantization.pdf Graphic file (type pdf)
<use quantization.pdf>
Package pdftex.def Info: quantization.pdf  used on input line 195.
(pdftex.def)             Requested size: 290.78603pt x 220.95686pt.


LaTeX Warning: `h' float specifier changed to `ht'.

pdfTeX warning (ext4): destination with the same identifier (name{page.2}) has 
been already used, duplicate ignored
<to be read again> 
                   \relax 
l.201 
       [2]pdfTeX warning (ext4): destination with the same identifier (name{pag
e.3}) has been already used, duplicate ignored
<to be read again> 
                   \relax 
l.203 
       [3 <C:/Users/liyue/Desktop/Ê®°Êùø„ÄêÁ∫ØÂáÄÁöÑLatex„Äë/NJUthesis/quantiza
tion.pdf>] [4] [5]
<pruning_simple_contrast.pdf, id=756, 490.83376pt x 291.489pt>
File: pruning_simple_contrast.pdf Graphic file (type pdf)
<use pruning_simple_contrast.pdf>
Package pdftex.def Info: pruning_simple_contrast.pdf  used on input line 220.
(pdftex.def)             Requested size: 290.78603pt x 172.6931pt.
 [6 <C:/Users/liyue/Desktop/Ê®°Êùø„ÄêÁ∫ØÂáÄÁöÑLatex„Äë/NJUthesis/pruning_simple
_contrast.pdf>]

Package natbib Warning: Citation `iclrp82' on page 7 undefined on input line 23
1.

[7] [8] [9]
µ⁄∂˛’¬
<convolution.pdf, id=844, 539.01375pt x 368.57701pt>
File: convolution.pdf Graphic file (type pdf)
<use convolution.pdf>
Package pdftex.def Info: convolution.pdf  used on input line 272.
(pdftex.def)             Requested size: 290.78603pt x 198.84302pt.
[10

 <C:/Users/liyue/Desktop/Ê®°Êùø„ÄêÁ∫ØÂáÄÁöÑLatex„Äë/NJUthesis/convolution.pdf>]
<activation.png, id=870, 642.4pt x 473.77pt>
File: activation.png Graphic file (type png)
<use activation.png>
Package pdftex.def Info: activation.png  used on input line 282.
(pdftex.def)             Requested size: 290.78603pt x 214.45963pt.
<pooling.pdf, id=871, 351.11174pt x 211.992pt>
File: pooling.pdf Graphic file (type pdf)
<use pooling.pdf>
Package pdftex.def Info: pooling.pdf  used on input line 289.
(pdftex.def)             Requested size: 290.78603pt x 175.57484pt.
 [11 <C:/Users/liyue/Desktop/Ê®°Êùø„ÄêÁ∫ØÂáÄÁöÑLatex„Äë/NJUthesis/activation.pn
g (PNG copy)> <C:/Users/liyue/Desktop/Ê®°Êùø„ÄêÁ∫ØÂáÄÁöÑLatex„Äë/NJUthesis/pool
ing.pdf>]
Package hyperref Info: bookmark level for unknown algorithm defaults to 0 on in
put line 315.
 [12]
Overfull \hbox (9.23085pt too wide) in paragraph at lines 338--341
[]\C19/rm/m/n/12.05/57 „ \C19/rm/m/n/12.05/59 î \C19/rm/m/n/12.05/41 © \C19/rm/
m/n/12.05/48 a \C19/rm/m/n/12.05/49 + \C19/rm/m/n/12.05/62 ç|\C19/rm/m/n/12.05/
26 ß| \C19/rm/m/n/12.05/37 ' \C19/rm/m/n/12.05/46  \C19/rm/m/n/12.05/64 Õ \C19
/rm/m/n/12.05/50 ∂ \C19/rm/m/n/12.05/40  \C19/rm/m/n/12.05/55 Í \C19/rm/m/n/12
.05/46 ‚ \C19/rm/m/n/12.05/45 8 \C19/rm/m/n/12.05/62 k\OT1/ptm/m/n/12.05 MNIST[
[]]|\C19/rm/m/n/12.05/26 ß| \OT1/ptm/m/n/12.05 MNIST-FASHION|\C19/rm/m/n/12.05/
26 ß| \OT1/ptm/m/n/12.05 SVHN|\C19/rm/m/n/12.05/26 ß|
 []


Overfull \hbox (1.39705pt too wide) in paragraph at lines 338--341
\C19/rm/m/n/12.05/49 
\OT1/ptm/m/n/12.05 MNIST|\C19/rm/m/n/12.05/25 !| \OT1/ptm/m/n/12.05 CIFAR10|\C1
9/rm/m/n/12.05/25 !| \OT1/ptm/m/n/12.05 CIFAR100\C19/rm/m/n/12.05/65 ä \C19/rm/
m/n/12.05/58 è \C19/rm/m/n/12.05/61  \C19/rm/m/n/12.05/64 y \C19/rm/m/n/12.05/
55 Í \C19/rm/m/n/12.05/46 ‚ \C19/rm/m/n/12.05/45 8|\C19/rm/m/n/12.05/25 "| \C19
/rm/m/n/12.05/63 3\OT1/ptm/m/n/12.05 [[]]\C19/rm/m/n/12.05/64 • \C19/rm/m/n/12.
05/65 ä \C19/rm/m/n/12.05/63 ˆ \C19/rm/m/n/12.05/60 ¿ \C19/rm/m/n/12.05/63 J \C
19/rm/m/n/12.05/49 
\OT1/ptm/m/n/12.05 CIFAR10
 []

[13] [14]
µ⁄»˝’¬
[15

] [16]
<cluster_quantization.pdf, id=971, 828.09375pt x 724.50674pt>
File: cluster_quantization.pdf Graphic file (type pdf)
<use cluster_quantization.pdf>
Package pdftex.def Info: cluster_quantization.pdf  used on input line 408.
(pdftex.def)             Requested size: 290.78603pt x 254.41028pt.


LaTeX Warning: `h' float specifier changed to `ht'.


Overfull \hbox (9.52682pt too wide) in paragraph at lines 413--414
[]\C19/rm/m/n/12.05/55 ƒ \C19/rm/m/n/12.05/59 k \C19/rm/m/n/12.05/37  \C19/rm/
m/n/12.05/63 Ÿ \C19/rm/m/n/12.05/44 ¨ \C19/rm/m/n/12.05/55  \C19/rm/m/n/12.05/
40 Ω \C19/rm/m/n/12.05/38 á \C19/rm/m/n/12.05/37 Î \C19/rm/m/n/12.05/55 Í\OT1/p
tm/m/n/12.05 k|\C19/rm/m/n/12.05/26 ß| \OT1/ptm/m/n/12.05 k\C19/rm/m/n/12.05/55
 ¥ \C19/rm/m/n/12.05/48 ˛ \C19/rm/m/n/12.05/44 z \C19/rm/m/n/12.05/51 8 \C19/rm
/m/n/12.05/37 I \C19/rm/m/n/12.05/45 8 \C19/rm/m/n/12.05/43 ‹$\OMS/cmsy/m/n/12.
05 f\OT1/cmr/m/n/12.05 0\OML/cmm/m/it/12.05 ; \OMS/cmsy/m/n/12.05 \OT1/cmr/m/n
/12.05 2[]\OML/cmm/m/it/12.05 ; \OMS/cmsy/m/n/12.05 \OT1/cmr/m/n/12.05 2[]\OML
/cmm/m/it/12.05 ; \OMS/cmsy/m/n/12.05 \OT1/cmr/m/n/12.05 2[]\OML/cmm/m/it/12.0
5 ; [] ; \OMS/cmsy/m/n/12.05 \OT1/cmr/m/n/12.05 2[]\OMS/cmsy/m/n/12.05 g$\C19/
rm/m/n/12.05/64 •
 []

[17]
<11.png, id=983, 462.528pt x 346.896pt>
File: 11.png Graphic file (type png)
<use 11.png>
Package pdftex.def Info: 11.png  used on input line 430.
(pdftex.def)             Requested size: 124.62439pt x 93.46732pt.
<12.png, id=985, 462.528pt x 346.896pt>
File: 12.png Graphic file (type png)
<use 12.png>
Package pdftex.def Info: 12.png  used on input line 434.
(pdftex.def)             Requested size: 124.62439pt x 93.46732pt.
<13.png, id=986, 462.528pt x 346.896pt>
File: 13.png Graphic file (type png)
<use 13.png>
Package pdftex.def Info: 13.png  used on input line 438.
(pdftex.def)             Requested size: 124.62439pt x 93.46732pt.
<14.png, id=987, 462.528pt x 346.896pt>
File: 14.png Graphic file (type png)
<use 14.png>
Package pdftex.def Info: 14.png  used on input line 444.
(pdftex.def)             Requested size: 199.39522pt x 149.54877pt.
<15.png, id=988, 462.528pt x 346.896pt>
File: 15.png Graphic file (type png)
<use 15.png>
Package pdftex.def Info: 15.png  used on input line 448.
(pdftex.def)             Requested size: 199.39522pt x 149.54877pt.


Package hyperref Warning: Token not allowed in a PDF string (PDFDocEncoding):
(hyperref)                removing `\begingroup' on input line 459.


Package hyperref Warning: Token not allowed in a PDF string (PDFDocEncoding):
(hyperref)                removing `\<let>-command' on input line 459.


Package hyperref Warning: Token not allowed in a PDF string (PDFDocEncoding):
(hyperref)                removing `\NAT@ctype' on input line 459.


Package hyperref Warning: Token not allowed in a PDF string (PDFDocEncoding):
(hyperref)                removing `\z@' on input line 459.


Package hyperref Warning: Token not allowed in a PDF string (PDFDocEncoding):
(hyperref)                removing `\let' on input line 459.


Package hyperref Warning: Token not allowed in a PDF string (PDFDocEncoding):
(hyperref)                removing `\let' on input line 459.


Package hyperref Warning: Token not allowed in a PDF string (PDFDocEncoding):
(hyperref)                removing `\new@ifnextchar' on input line 459.

[18 <C:/Users/liyue/Desktop/Ê®°Êùø„ÄêÁ∫ØÂáÄÁöÑLatex„Äë/NJUthesis/cluster_quanti
zation.pdf>]

LaTeX Warning: Reference `incremental' on page 19 undefined on input line 487.

[19 <C:/Users/liyue/Desktop/Ê®°Êùø„ÄêÁ∫ØÂáÄÁöÑLatex„Äë/NJUthesis/11.png> <C:/Us
ers/liyue/Desktop/Ê®°Êùø„ÄêÁ∫ØÂáÄÁöÑLatex„Äë/NJUthesis/12.png> <C:/Users/liyue/
Desktop/Ê®°Êùø„ÄêÁ∫ØÂáÄÁöÑLatex„Äë/NJUthesis/13.png> <C:/Users/liyue/Desktop/Ê®
°Êùø„ÄêÁ∫ØÂáÄÁöÑLatex„Äë/NJUthesis/14.png> <C:/Users/liyue/Desktop/Ê®°Êùø„ÄêÁ∫Ø
ÂáÄÁöÑLatex„Äë/NJUthesis/15.png>]
<mnist.png, id=1033, 379.4175pt x 248.93pt>
File: mnist.png Graphic file (type png)
<use mnist.png>
Package pdftex.def Info: mnist.png  used on input line 509.
(pdftex.def)             Requested size: 290.78603pt x 190.78407pt.
 [20]
Overfull \hbox (9.14642pt too wide) in paragraph at lines 520--521
[]\C19/rm/m/n/12.05/40 1 \C19/rm/m/n/12.05/61 ò \C19/rm/m/n/12.05/65 | \C19/rm/
m/n/12.05/40 È \C19/rm/m/n/12.05/37 ' \C19/rm/m/n/12.05/55 ¢ \C19/rm/m/n/12.05/
61  \C19/rm/m/n/12.05/55 ¥ \C19/rm/m/n/12.05/44 ƒ \C19/rm/m/n/12.05/62 u\OT1/p
tm/m/n/12.05 MNIST\C19/rm/m/n/12.05/55 Í \C19/rm/m/n/12.05/46 ‚ \C19/rm/m/n/12.
05/45 8 \C19/rm/m/n/12.05/43 ⁄ \C19/rm/m/n/12.05/61 ò \C19/rm/m/n/12.05/42 á \C
19/rm/m/n/12.05/52   \C19/rm/m/n/12.05/57 œ \C19/rm/m/n/12.05/40 \OT1/ptm/m/n/
12.05 CNN\C19/rm/m/n/12.05/58  \C19/rm/m/n/12.05/49 ‰|\C19/rm/m/n/12.05/25 "| 
\C19/rm/m/n/12.05/62 d u\OT1/ptm/m/n/12.05 MNIST\C19/rm/m/n/12.05/55 Í
 []

[21 <C:/Users/liyue/Desktop/Ê®°Êùø„ÄêÁ∫ØÂáÄÁöÑLatex„Äë/NJUthesis/mnist.png (PNG
 copy)>]
Overfull \hbox (2.29405pt too wide) in paragraph at lines 538--539
\C19/rm/m/n/12.05/63 K \C19/rm/m/n/12.05/56 ` \C19/rm/m/n/12.05/50 ≤ \C19/rm/m/
n/12.05/49 
 \C19/rm/m/n/12.05/44 ƒ \C19/rm/m/n/12.05/62 u \C19/rm/m/n/12.05/46 ‡ \C19/rm/m
/n/12.05/48 a \C19/rm/m/n/12.05/62 ` \C19/rm/m/n/12.05/44 z \C19/rm/m/n/12.05/4
8 ˛ \C19/rm/m/n/12.05/44 z \C19/rm/m/n/12.05/51 8 \C19/rm/m/n/12.05/37 I \C19/r
m/m/n/12.05/64 ä \C19/rm/m/n/12.05/45 8 \C19/rm/m/n/12.05/43 ‹ \C19/rm/m/n/12.0
5/40  \C19/rm/m/n/12.05/62 k \C19/rm/m/n/12.05/60  5|\C19/rm/m/n/12.05/25 "| 
$[][]$\C19/rm/m/n/12.05/37 '$[][]$\C19/rm/m/n/12.05/55 Í
 []


Overfull \hbox (8.30844pt too wide) in paragraph at lines 545--546
[]\C19/rm/m/n/12.05/37 L[][]\OT1/ptm/m/n/12.05 3.1[][]\C19/rm/m/n/12.05/43 ⁄ \C
19/rm/m/n/12.05/37 L[][]\OT1/ptm/m/n/12.05 3.2[][]\C19/rm/m/n/12.05/64 •|\C19/r
m/m/n/12.05/26 ß| \OT1/ptm/m/n/12.05 k\C19/rm/m/n/12.05/64 ç \C19/rm/m/n/12.05/
40  \C19/rm/m/n/12.05/55 ¥$\OML/cmm/m/it/12.05 Quan[] \OT1/cmr/m/n/12.05 = \OM
S/cmsy/m/n/12.05 f\OT1/cmr/m/n/12.05 0\OML/cmm/m/it/12.05 ; \OMS/cmsy/m/n/12.05
 \OT1/cmr/m/n/12.05 2[]\OML/cmm/m/it/12.05 ; \OMS/cmsy/m/n/12.05 \OT1/cmr/m/n
/12.05 2[]\OML/cmm/m/it/12.05 ; [] ; \OMS/cmsy/m/n/12.05 \OT1/cmr/m/n/12.05 2[
]\OMS/cmsy/m/n/12.05 g$\C19/rm/m/n/12.05/64 • \C19/rm/m/n/12.05/40 \OT1/ptm/m/
n/12.05 k\C19/rm/m/n/12.05/64 ä|\C19/rm/m/n/12.05/25 "| \C19/rm/m/n/12.05/54 X\
OT1/ptm/m/n/12.05 k=2|\C19/rm/m/n/12.05/26 ß|
 []


Overfull \hbox (4.19128pt too wide) in paragraph at lines 545--546
\C19/rm/m/n/12.05/45 = \C19/rm/m/n/12.05/37 L \C19/rm/m/n/12.05/50 ≤ \C19/rm/m/
n/12.05/63 3 \C19/rm/m/n/12.05/48 ˛ \C19/rm/m/n/12.05/44 z \C19/rm/m/n/12.05/51
 8 \C19/rm/m/n/12.05/37 I \C19/rm/m/n/12.05/64 ä \C19/rm/m/n/12.05/45 8 \C19/rm
/m/n/12.05/43 ‹ \C19/rm/m/n/12.05/64 •$\OML/cmm/m/it/12.05 Quan[]$\C19/rm/m/n/1
2.05/43  \C19/rm/m/n/12.05/62 k\OT1/ptm/m/n/12.05 5\C19/rm/m/n/12.05/42 á \C19
/rm/m/n/12.05/64 ä|\C19/rm/m/n/12.05/26 ß| \C19/rm/m/n/12.05/65 Å \C19/rm/m/n/1
2.05/64 ™ \C19/rm/m/n/12.05/48 ˛ \C19/rm/m/n/12.05/44 z \C19/rm/m/n/12.05/56 é 
\C19/rm/m/n/12.05/41 { \C19/rm/m/n/12.05/40  \C19/rm/m/n/12.05/51 8 \C19/rm/m/
n/12.05/37 I \C19/rm/m/n/12.05/64 ä \C19/rm/m/n/12.05/58 è$\OML/cmm/m/it/12.05 
Quan[] \OT1/cmr/m/n/12.05 =
 []

[22] [23]
µ⁄Àƒ’¬
[24

] [25]
<set_range.pdf, id=1110, 731.73375pt x 641.39626pt>
File: set_range.pdf Graphic file (type pdf)
<use set_range.pdf>
Package pdftex.def Info: set_range.pdf  used on input line 637.
(pdftex.def)             Requested size: 415.41043pt x 364.13162pt.
 [26 <C:/Users/liyue/Desktop/Ê®°Êùø„ÄêÁ∫ØÂáÄÁöÑLatex„Äë/NJUthesis/set_range.pdf
>]
<param_range.pdf, id=1152, 505.89pt x 534.79799pt>
File: param_range.pdf Graphic file (type pdf)
<use param_range.pdf>
Package pdftex.def Info: param_range.pdf  used on input line 663.
(pdftex.def)             Requested size: 354.12057pt x 374.35603pt.
 [27] [28 <C:/Users/liyue/Desktop/Ê®°Êùø„ÄêÁ∫ØÂáÄÁöÑLatex„Äë/NJUthesis/param_ra
nge.pdf>] [29] [30] [31] [32]
Missing character: There is no ß in font cmr12!
 [33] [34] [35]
µ⁄ŒÂ’¬
<pruning_liucheng.pdf, id=1303, 470.35725pt x 434.22226pt>
File: pruning_liucheng.pdf Graphic file (type pdf)
<use pruning_liucheng.pdf>
Package pdftex.def Info: pruning_liucheng.pdf  used on input line 925.
(pdftex.def)             Requested size: 415.41043pt x 383.50153pt.
[36

] [37 <C:/Users/liyue/Desktop/Ê®°Êùø„ÄêÁ∫ØÂáÄÁöÑLatex„Äë/NJUthesis/pruning_liuc
heng.pdf>]
<filters_pruning.pdf, id=1334, 534.79799pt x 189.10649pt>
File: filters_pruning.pdf Graphic file (type pdf)
<use filters_pruning.pdf>
Package pdftex.def Info: filters_pruning.pdf  used on input line 954.
(pdftex.def)             Requested size: 415.41043pt x 146.89362pt.
 [38]
Missing character: There is no £ in font cmr8!
Missing character: There is no § in font cmr8!
 [39 <C:/Users/liyue/Desktop/Ê®°Êùø„ÄêÁ∫ØÂáÄÁöÑLatex„Äë/NJUthesis/filters_pruni
ng.pdf>] [40] [41] [42]
<pruning_contrast.pdf, id=1425, 1374.13374pt x 1154.3125pt>
File: pruning_contrast.pdf Graphic file (type pdf)
<use pruning_contrast.pdf>
Package pdftex.def Info: pruning_contrast.pdf  used on input line 1092.
(pdftex.def)             Requested size: 415.41043pt x 348.95604pt.
 [43 <C:/Users/liyue/Desktop/Ê®°Êùø„ÄêÁ∫ØÂáÄÁöÑLatex„Äë/NJUthesis/pruning_contr
ast.pdf>] [44]
Underfull \hbox (badness 10000) in paragraph at lines 1154--1155
[] []  \C19/rm/m/n/12.05/42 ä \C19/rm/m/n/12.05/46 ˝\OT1/ptm/m/n/12.05 global\C
19/rm/m/n/12.05/51  \C19/rm/m/n/12.05/55 ™|\C19/rm/m/n/12.05/26 ß| \C19/rm/m/n
/12.05/45 Ú \C19/rm/m/n/12.05/56 § \C19/rm/m/n/12.05/62 k\OT1/ptm/m/n/12.05 fil
ters\C19/rm/m/n/12.05/64 ≠ \C19/rm/m/n/12.05/61 á \C19/rm/m/n/12.05/60 5 \C19/r
m/m/n/12.05/51 ¸ \C19/rm/m/n/12.05/60 S|\C19/rm/m/n/12.05/26 ß| \C19/rm/m/n/12.
05/45 Ú$\OML/cmm/m/it/12.05 R[] \OMS/cmsy/m/n/12.05 
 []

[45] [46]
Overfull \hbox (28.52235pt too wide) in paragraph at lines 1177--1178
[]\C19/rm/m/n/12.05/37  \C19/rm/m/n/12.05/55 ¢ \C19/rm/m/n/12.05/61  \C19/rm/
m/n/12.05/55 Í \C19/rm/m/n/12.05/46 ‚ \C19/rm/m/n/12.05/45 8 \C19/rm/m/n/12.05/
60 ¿ \C19/rm/m/n/12.05/40 Ω \C19/rm/m/n/12.05/49 
\OT1/ptm/m/n/12.05 MNIST|\C19/rm/m/n/12.05/26 ß| \OT1/ptm/m/n/12.05 CIFAR10\C19
/rm/m/n/12.05/55 Í \C19/rm/m/n/12.05/46 ‚ \C19/rm/m/n/12.05/45 8|\C19/rm/m/n/12
.05/25 "| \C19/rm/m/n/12.05/61  \C19/rm/m/n/12.05/64 y \C19/rm/m/n/12.05/51  
\C19/rm/m/n/12.05/60 . ¿ \C19/rm/m/n/12.05/63 J\OT1/ptm/m/n/12.05 VGGNet\C19/rm
/m/n/12.05/43 ⁄\OT1/ptm/m/n/12.05 ResNet|\C19/rm/m/n/12.05/25 "|
 []

<cifar10.png, id=1487, 353.1594pt x 305.4612pt>
File: cifar10.png Graphic file (type png)
<use cifar10.png>
Package pdftex.def Info: cifar10.png  used on input line 1181.
(pdftex.def)             Requested size: 415.41043pt x 359.30382pt.
[47] [48 <C:/Users/liyue/Desktop/Ê®°Êùø„ÄêÁ∫ØÂáÄÁöÑLatex„Äë/NJUthesis/cifar10.p
ng>] [49]
LaTeX Font Info:    Font shape `OT1/ptm/bx/n' in size <8> not available
(Font)              Font shape `OT1/ptm/b/n' tried instead on input line 1254.
LaTeX Font Info:    Font shape `OT1/ptm/bx/n' in size <6> not available
(Font)              Font shape `OT1/ptm/b/n' tried instead on input line 1254.
 [50] [51] [52] [53]
µ⁄¡˘’¬
[54

] [55]
(C:\Users\liyue\Desktop\Ê®°Êùø„ÄêÁ∫ØÂáÄÁöÑLatex„Äë\NJUthesis\template.bbl
LaTeX Font Info:    Try loading font information for OT1+pcr on input line 44.

("C:\Users\liyue\AppData\Local\Programs\MiKTeX 2.9\tex\latex\psnfss\ot1pcr.fd"
File: ot1pcr.fd 2001/06/04 font definitions for OT1/pcr.
) [56


] [57] [58] [59] [60] [61] [62] [63] [64] [65]) [66]

LaTeX Warning: Empty `publications' environment on input line 1402.


Underfull \hbox (badness 10000) in paragraph at lines 1398--1402

 []

[67

]

Package hyperref Warning: Token not allowed in a PDF string (PDFDocEncoding):
(hyperref)                \hskip 12.05pt
(hyperref)                replaced by space on input line 1411.


Package hyperref Warning: Token not allowed in a PDF string (PDFDocEncoding):
(hyperref)                \hskip 12.05pt
(hyperref)                replaced by space on input line 1411.

[68

]

Package natbib Warning: There were undefined citations.

Package atveryend Info: Empty hook `BeforeClearDocument' on input line 1428.
Package atveryend Info: Empty hook `AfterLastShipout' on input line 1428.
(C:\Users\liyue\Desktop\Ê®°Êùø„ÄêÁ∫ØÂáÄÁöÑLatex„Äë\NJUthesis\template.aux)
Package atveryend Info: Executing hook `AtVeryEndDocument' on input line 1428.
Package atveryend Info: Executing hook `AtEndAfterFileList' on input line 1428.

Package rerunfilecheck Info: File `template.out' has not changed.
(rerunfilecheck)             Checksum: 91717A46BF352FE19ECB1D9010CF513B;5215.


LaTeX Warning: There were undefined references.


LaTeX Warning: There were multiply-defined labels.

 ) 
Here is how much of TeX's memory you used:
 19726 strings out of 495226
 321169 string characters out of 3180891
 374169 words of memory out of 3000000
 22155 multiletter control sequences out of 15000+200000
 116076 words of font info for 361 fonts, out of 3000000 for 9000
 14 hyphenation exceptions out of 8191
 47i,18n,51p,1759b,1241s stack positions out of 5000i,500n,10000p,200000b,50000s
<C:/WINDOWS/Fonts/simsun.ttc><C:/WINDOWS/Fonts/simsun.ttc><C:/WINDOWS/Fonts/s
imsun.ttc><C:/WINDOWS/Fonts/simsun.ttc><C:/WINDOWS/Fonts/simsun.ttc>{C:/Users/l
iyue/AppData/Local/Programs/MiKTeX 2.9/fonts/enc/dvips/base/8r.enc}<C:/WINDOWS/
Fonts/simhei.ttf><C:/WINDOWS/Fonts/simhei.ttf><C:/WINDOWS/Fonts/simsun.ttc><C:/
WINDOWS/Fonts/simhei.ttf><C:/WINDOWS/Fonts/simsun.ttc><C:/WINDOWS/Fonts/simhei.
ttf><C:/WINDOWS/Fonts/simhei.ttf><C:/WINDOWS/Fonts/simhei.ttf><C:/WINDOWS/Fonts
/simhei.ttf><C:/WINDOWS/Fonts/simhei.ttf><C:/WINDOWS/Fonts/simhei.ttf><C:/WINDO
WS/Fonts/simhei.ttf><C:/WINDOWS/Fonts/simhei.ttf><C:/WINDOWS/Fonts/simhei.ttf><
C:/WINDOWS/Fonts/simhei.ttf><C:/WINDOWS/Fonts/simhei.ttf><C:/WINDOWS/Fonts/simh
ei.ttf><C:/WINDOWS/Fonts/simhei.ttf><C:/WINDOWS/Fonts/simhei.ttf><C:/WINDOWS/Fo
nts/simhei.ttf><C:/WINDOWS/Fonts/simhei.ttf><C:/WINDOWS/Fonts/simhei.ttf><C:/WI
NDOWS/Fonts/simhei.ttf><C:/WINDOWS/Fonts/simhei.ttf><C:/WINDOWS/Fonts/simhei.tt
f><C:/WINDOWS/Fonts/simhei.ttf><C:/WINDOWS/Fonts/simhei.ttf><C:/WINDOWS/Fonts/s
imhei.ttf><C:/WINDOWS/Fonts/simhei.ttf><C:/WINDOWS/Fonts/simhei.ttf><C:/WINDOWS
/Fonts/simsun.ttc><C:/WINDOWS/Fonts/simsun.ttc><C:/WINDOWS/Fonts/simsun.ttc><C:
/WINDOWS/Fonts/simsun.ttc><C:/WINDOWS/Fonts/simsun.ttc><C:/WINDOWS/Fonts/simsun
.ttc><C:/WINDOWS/Fonts/simsun.ttc><C:/WINDOWS/Fonts/simsun.ttc><C:/WINDOWS/Font
s/simsun.ttc><C:/WINDOWS/Fonts/simsun.ttc><C:/WINDOWS/Fonts/simsun.ttc><C:/WIND
OWS/Fonts/simsun.ttc><C:/WINDOWS/Fonts/simsun.ttc><C:/WINDOWS/Fonts/simsun.ttc>
<C:/WINDOWS/Fonts/simsun.ttc><C:/WINDOWS/Fonts/simsun.ttc><C:/WINDOWS/Fonts/sim
sun.ttc><C:/WINDOWS/Fonts/simsun.ttc><C:/WINDOWS/Fonts/simsun.ttc><C:/WINDOWS/F
onts/simsun.ttc><C:/WINDOWS/Fonts/simsun.ttc><C:/WINDOWS/Fonts/simsun.ttc><C:/W
INDOWS/Fonts/simsun.ttc><C:/WINDOWS/Fonts/simsun.ttc><C:/WINDOWS/Fonts/simsun.t
tc><C:/WINDOWS/Fonts/simsun.ttc><C:/WINDOWS/Fonts/simsun.ttc><C:/WINDOWS/Fonts/
simsun.ttc><C:/WINDOWS/Fonts/simsun.ttc><C:/WINDOWS/Fonts/simsun.ttc><C:/WINDOW
S/Fonts/simsun.ttc><C:/WINDOWS/Fonts/simsun.ttc><C:/WINDOWS/Fonts/simhei.ttf><C
:/WINDOWS/Fonts/simhei.ttf><C:/WINDOWS/Fonts/simhei.ttf><C:/WINDOWS/Fonts/simka
i.ttf><C:/WINDOWS/Fonts/simkai.ttf><C:/WINDOWS/Fonts/simkai.ttf><C:/WINDOWS/Fon
ts/simkai.ttf><C:/WINDOWS/Fonts/simkai.ttf><C:/WINDOWS/Fonts/simkai.ttf><C:/WIN
DOWS/Fonts/simkai.ttf><C:/WINDOWS/Fonts/simkai.ttf><C:/WINDOWS/Fonts/simkai.ttf
><C:/WINDOWS/Fonts/simkai.ttf><C:/WINDOWS/Fonts/simkai.ttf><C:/WINDOWS/Fonts/si
mkai.ttf><C:/WINDOWS/Fonts/simkai.ttf><C:/WINDOWS/Fonts/simkai.ttf><C:/WINDOWS/
Fonts/simkai.ttf><C:/WINDOWS/Fonts/simkai.ttf><C:/WINDOWS/Fonts/simkai.ttf><C:/
WINDOWS/Fonts/simkai.ttf><C:/WINDOWS/Fonts/simkai.ttf><C:/WINDOWS/Fonts/simkai.
ttf><C:/WINDOWS/Fonts/simkai.ttf><C:/WINDOWS/Fonts/simkai.ttf><C:/WINDOWS/Fonts
/simkai.ttf><C:/WINDOWS/Fonts/simkai.ttf><C:/WINDOWS/Fonts/simkai.ttf><C:/WINDO
WS/Fonts/simkai.ttf><C:/WINDOWS/Fonts/simkai.ttf><C:/WINDOWS/Fonts/simkai.ttf><
C:/WINDOWS/Fonts/simkai.ttf><C:/WINDOWS/Fonts/simkai.ttf><C:/WINDOWS/Fonts/simk
ai.ttf><C:/Users/liyue/AppData/Local/Programs/MiKTeX 2.9/fonts/type1/public/ams
fonts/cm/cmex10.pfb><C:/Users/liyue/AppData/Local/Programs/MiKTeX 2.9/fonts/typ
e1/public/amsfonts/cm/cmmi12.pfb><C:/Users/liyue/AppData/Local/Programs/MiKTeX 
2.9/fonts/type1/public/amsfonts/cm/cmmi6.pfb><C:/Users/liyue/AppData/Local/Prog
rams/MiKTeX 2.9/fonts/type1/public/amsfonts/cm/cmmi8.pfb><C:/Users/liyue/AppDat
a/Local/Programs/MiKTeX 2.9/fonts/type1/public/amsfonts/cm/cmr12.pfb><C:/Users/
liyue/AppData/Local/Programs/MiKTeX 2.9/fonts/type1/public/amsfonts/cm/cmr6.pfb
><C:/Users/liyue/AppData/Local/Programs/MiKTeX 2.9/fonts/type1/public/amsfonts/
cm/cmr8.pfb><C:/Users/liyue/AppData/Local/Programs/MiKTeX 2.9/fonts/type1/publi
c/amsfonts/cm/cmsy10.pfb><C:/Users/liyue/AppData/Local/Programs/MiKTeX 2.9/font
s/type1/public/amsfonts/cm/cmsy6.pfb><C:/Users/liyue/AppData/Local/Programs/MiK
TeX 2.9/fonts/type1/public/amsfonts/cm/cmsy8.pfb><C:/Users/liyue/AppData/Local/
Programs/MiKTeX 2.9/fonts/type1/public/amsfonts/symbols/msbm10.pfb><C:/Users/li
yue/AppData/Local/Programs/MiKTeX 2.9/fonts/type1/urw/courier/ucrr8a.pfb><C:/Us
ers/liyue/AppData/Local/Programs/MiKTeX 2.9/fonts/type1/urw/times/utmb8a.pfb><C
:/Users/liyue/AppData/Local/Programs/MiKTeX 2.9/fonts/type1/urw/times/utmr8a.pf
b><C:/Users/liyue/AppData/Local/Programs/MiKTeX 2.9/fonts/type1/urw/times/utmri
8a.pfb>
Output written on template.pdf (80 pages, 2386063 bytes).
PDF statistics:
 2066 PDF objects out of 2073 (max. 8388607)
 381 named destinations out of 1000 (max. 500000)
 685 words of extra memory for PDF output out of 10000 (max. 10000000)

